# JRE version: OpenJDK Runtime Environment (8.0_202-b03) (build 1.8.0_202-release-1483-b03)
# Java VM: OpenJDK 64-Bit Server VM (25.202-b03 mixed mode windows-amd64 compressed oops)
Heap:
 PSYoungGen      total 486912K, used 456747K [0x00000000e0000000, 0x0000000100000000, 0x0000000100000000)
  eden space 451584K, 100% used [0x00000000e0000000,0x00000000fb900000,0x00000000fb900000)
  from space 35328K, 14% used [0x00000000fda80000,0x00000000fdf8ac80,0x00000000ffd00000)
  to   space 34304K, 20% used [0x00000000fb900000,0x00000000fbff8060,0x00000000fda80000)
 ParOldGen       total 212480K, used 78358K [0x00000000a0000000, 0x00000000acf80000, 0x00000000e0000000)
  object space 212480K, 36% used [0x00000000a0000000,0x00000000a4c85a38,0x00000000acf80000)
 Metaspace       used 100613K, capacity 105316K, committed 105600K, reserved 1140736K
  class space    used 12679K, capacity 13561K, committed 13696K, reserved 1048576K
GC Heap History (10 events):
Event: 1456.074 GC heap after
Heap after GC invocations=18 (full 4):
 PSYoungGen      total 485888K, used 10242K [0x00000000e0000000, 0x00000000ffe80000, 0x0000000100000000)
  eden space 449024K, 0% used [0x00000000e0000000,0x00000000e0000000,0x00000000fb680000)
  from space 36864K, 27% used [0x00000000fda80000,0x00000000fe480b20,0x00000000ffe80000)
  to   space 36864K, 0% used [0x00000000fb680000,0x00000000fb680000,0x00000000fda80000)
 ParOldGen       total 212480K, used 58906K [0x00000000a0000000, 0x00000000acf80000, 0x00000000e0000000)
  object space 212480K, 27% used [0x00000000a0000000,0x00000000a3986b28,0x00000000acf80000)
 Metaspace       used 97471K, capacity 101646K, committed 101760K, reserved 1138688K
  class space    used 12283K, capacity 13094K, committed 13184K, reserved 1048576K
}
Event: 1457.989 GC heap before
{Heap before GC invocations=19 (full 4):
 PSYoungGen      total 485888K, used 459266K [0x00000000e0000000, 0x00000000ffe80000, 0x0000000100000000)
  eden space 449024K, 100% used [0x00000000e0000000,0x00000000fb680000,0x00000000fb680000)
  from space 36864K, 27% used [0x00000000fda80000,0x00000000fe480b20,0x00000000ffe80000)
  to   space 36864K, 0% used [0x00000000fb680000,0x00000000fb680000,0x00000000fda80000)
 ParOldGen       total 212480K, used 58906K [0x00000000a0000000, 0x00000000acf80000, 0x00000000e0000000)
  object space 212480K, 27% used [0x00000000a0000000,0x00000000a3986b28,0x00000000acf80000)
 Metaspace       used 97537K, capacity 101718K, committed 102016K, reserved 1138688K
  class space    used 12283K, capacity 13094K, committed 13184K, reserved 1048576K
Event: 1458.243 GC heap after
Heap after GC invocations=19 (full 4):
 PSYoungGen      total 485888K, used 3220K [0x00000000e0000000, 0x0000000100000000, 0x0000000100000000)
  eden space 449024K, 0% used [0x00000000e0000000,0x00000000e0000000,0x00000000fb680000)
  from space 36864K, 8% used [0x00000000fb680000,0x00000000fb9a5218,0x00000000fda80000)
  to   space 37376K, 0% used [0x00000000fdb80000,0x00000000fdb80000,0x0000000100000000)
 ParOldGen       total 212480K, used 65573K [0x00000000a0000000, 0x00000000acf80000, 0x00000000e0000000)
  object space 212480K, 30% used [0x00000000a0000000,0x00000000a40097e8,0x00000000acf80000)
 Metaspace       used 97537K, capacity 101718K, committed 102016K, reserved 1138688K
  class space    used 12283K, capacity 13094K, committed 13184K, reserved 1048576K
}
Event: 1460.120 GC heap before
{Heap before GC invocations=20 (full 4):
 PSYoungGen      total 485888K, used 452244K [0x00000000e0000000, 0x0000000100000000, 0x0000000100000000)
  eden space 449024K, 100% used [0x00000000e0000000,0x00000000fb680000,0x00000000fb680000)
  from space 36864K, 8% used [0x00000000fb680000,0x00000000fb9a5218,0x00000000fda80000)
  to   space 37376K, 0% used [0x00000000fdb80000,0x00000000fdb80000,0x0000000100000000)
 ParOldGen       total 212480K, used 65573K [0x00000000a0000000, 0x00000000acf80000, 0x00000000e0000000)
  object space 212480K, 30% used [0x00000000a0000000,0x00000000a40097e8,0x00000000acf80000)
 Metaspace       used 97642K, capacity 101808K, committed 102016K, reserved 1138688K
  class space    used 12285K, capacity 13097K, committed 13184K, reserved 1048576K
Event: 1460.314 GC heap after
Heap after GC invocations=20 (full 4):
 PSYoungGen      total 486912K, used 4344K [0x00000000e0000000, 0x00000000fff80000, 0x0000000100000000)
  eden space 450048K, 0% used [0x00000000e0000000,0x00000000e0000000,0x00000000fb780000)
  from space 36864K, 11% used [0x00000000fdb80000,0x00000000fdfbe1c8,0x00000000fff80000)
  to   space 36864K, 0% used [0x00000000fb780000,0x00000000fb780000,0x00000000fdb80000)
 ParOldGen       total 212480K, used 66755K [0x00000000a0000000, 0x00000000acf80000, 0x00000000e0000000)
  object space 212480K, 31% used [0x00000000a0000000,0x00000000a4130d98,0x00000000acf80000)
 Metaspace       used 97642K, capacity 101808K, committed 102016K, reserved 1138688K
  class space    used 12285K, capacity 13097K, committed 13184K, reserved 1048576K
}
Event: 1462.360 GC heap before
{Heap before GC invocations=21 (full 4):
 PSYoungGen      total 486912K, used 454335K [0x00000000e0000000, 0x00000000fff80000, 0x0000000100000000)
  eden space 450048K, 99% used [0x00000000e0000000,0x00000000fb771d30,0x00000000fb780000)
  from space 36864K, 11% used [0x00000000fdb80000,0x00000000fdfbe1c8,0x00000000fff80000)
  to   space 36864K, 0% used [0x00000000fb780000,0x00000000fb780000,0x00000000fdb80000)
 ParOldGen       total 212480K, used 66755K [0x00000000a0000000, 0x00000000acf80000, 0x00000000e0000000)
  object space 212480K, 31% used [0x00000000a0000000,0x00000000a4130d98,0x00000000acf80000)
 Metaspace       used 97891K, capacity 102176K, committed 102272K, reserved 1138688K
  class space    used 12320K, capacity 13121K, committed 13184K, reserved 1048576K
Event: 1462.386 GC heap after
Heap after GC invocations=21 (full 4):
 PSYoungGen      total 460800K, used 10371K [0x00000000e0000000, 0x00000000ffd00000, 0x0000000100000000)
  eden space 450048K, 0% used [0x00000000e0000000,0x00000000e0000000,0x00000000fb780000)
  from space 10752K, 96% used [0x00000000fb780000,0x00000000fc1a0e08,0x00000000fc200000)
  to   space 35328K, 0% used [0x00000000fda80000,0x00000000fda80000,0x00000000ffd00000)
 ParOldGen       total 212480K, used 70009K [0x00000000a0000000, 0x00000000acf80000, 0x00000000e0000000)
  object space 212480K, 32% used [0x00000000a0000000,0x00000000a445e480,0x00000000acf80000)
 Metaspace       used 97891K, capacity 102176K, committed 102272K, reserved 1138688K
  class space    used 12320K, capacity 13121K, committed 13184K, reserved 1048576K
}
Event: 1465.588 GC heap before
{Heap before GC invocations=22 (full 4):
 PSYoungGen      total 460800K, used 460419K [0x00000000e0000000, 0x00000000ffd00000, 0x0000000100000000)
  eden space 450048K, 100% used [0x00000000e0000000,0x00000000fb780000,0x00000000fb780000)
  from space 10752K, 96% used [0x00000000fb780000,0x00000000fc1a0e08,0x00000000fc200000)
  to   space 35328K, 0% used [0x00000000fda80000,0x00000000fda80000,0x00000000ffd00000)
 ParOldGen       total 212480K, used 70009K [0x00000000a0000000, 0x00000000acf80000, 0x00000000e0000000)
  object space 212480K, 32% used [0x00000000a0000000,0x00000000a445e480,0x00000000acf80000)
 Metaspace       used 98224K, capacity 102512K, committed 102784K, reserved 1138688K
  class space    used 12359K, capacity 13163K, committed 13184K, reserved 1048576K
Event: 1465.734 GC heap after
Heap after GC invocations=22 (full 4):
 PSYoungGen      total 486912K, used 5163K [0x00000000e0000000, 0x0000000100000000, 0x0000000100000000)
  eden space 451584K, 0% used [0x00000000e0000000,0x00000000e0000000,0x00000000fb900000)
  from space 35328K, 14% used [0x00000000fda80000,0x00000000fdf8ac80,0x00000000ffd00000)
  to   space 34304K, 0% used [0x00000000fb900000,0x00000000fb900000,0x00000000fda80000)
 ParOldGen       total 212480K, used 76806K [0x00000000a0000000, 0x00000000acf80000, 0x00000000e0000000)
  object space 212480K, 36% used [0x00000000a0000000,0x00000000a4b019e8,0x00000000acf80000)
 Metaspace       used 98224K, capacity 102512K, committed 102784K, reserved 1138688K
  class space    used 12359K, capacity 13163K, committed 13184K, reserved 1048576K
}
Event: 1651.499 GC heap before
{Heap before GC invocations=23 (full 4):
 PSYoungGen      total 486912K, used 456747K [0x00000000e0000000, 0x0000000100000000, 0x0000000100000000)
  eden space 451584K, 100% used [0x00000000e0000000,0x00000000fb900000,0x00000000fb900000)
  from space 35328K, 14% used [0x00000000fda80000,0x00000000fdf8ac80,0x00000000ffd00000)
  to   space 34304K, 0% used [0x00000000fb900000,0x00000000fb900000,0x00000000fda80000)
 ParOldGen       total 212480K, used 76806K [0x00000000a0000000, 0x00000000acf80000, 0x00000000e0000000)
  object space 212480K, 36% used [0x00000000a0000000,0x00000000a4b019e8,0x00000000acf80000)
 Metaspace       used 100613K, capacity 105316K, committed 105600K, reserved 1140736K
  class space    used 12679K, capacity 13561K, committed 13696K, reserved 1048576K

